C:\USERS\BEBOM\DOCUMENTS\VISUAL STUDIO 2012\PROJECTS\C++INTRO\READWRITE\DEBUG\READWRITE.PCH
C:\USERS\BEBOM\DOCUMENTS\VISUAL STUDIO 2012\PROJECTS\C++INTRO\READWRITE\DEBUG\STDAFX.OBJ
C:\USERS\BEBOM\DOCUMENTS\VISUAL STUDIO 2012\PROJECTS\C++INTRO\READWRITE\DEBUG\VC110.PDB
C:\USERS\BEBOM\DOCUMENTS\VISUAL STUDIO 2012\PROJECTS\C++INTRO\READWRITE\DEBUG\READWRITE.OBJ
C:\USERS\BEBOM\DOCUMENTS\VISUAL STUDIO 2012\PROJECTS\C++INTRO\DEBUG\READWRITE.ILK
C:\USERS\BEBOM\DOCUMENTS\VISUAL STUDIO 2012\PROJECTS\C++INTRO\DEBUG\READWRITE.EXE
C:\USERS\BEBOM\DOCUMENTS\VISUAL STUDIO 2012\PROJECTS\C++INTRO\DEBUG\READWRITE.PDB
C:\Users\estiljr\Documents\Visual Studio 2012\Projects\C++Intro\ReadWrite\Debug\ReadWrite.obj
C:\Users\estiljr\Documents\Visual Studio 2012\Projects\C++Intro\ReadWrite\Debug\stdafx.obj
C:\Users\estiljr\Documents\Visual Studio 2012\Projects\C++Intro\ReadWrite\Debug\cl.command.1.tlog
C:\Users\estiljr\Documents\Visual Studio 2012\Projects\C++Intro\ReadWrite\Debug\CL.read.1.tlog
C:\Users\estiljr\Documents\Visual Studio 2012\Projects\C++Intro\ReadWrite\Debug\CL.write.1.tlog
C:\Users\estiljr\Documents\Visual Studio 2012\Projects\C++Intro\ReadWrite\Debug\link-cvtres.read.1.tlog
C:\Users\estiljr\Documents\Visual Studio 2012\Projects\C++Intro\ReadWrite\Debug\link-cvtres.write.1.tlog
C:\Users\estiljr\Documents\Visual Studio 2012\Projects\C++Intro\ReadWrite\Debug\link-rc.read.1.tlog
C:\Users\estiljr\Documents\Visual Studio 2012\Projects\C++Intro\ReadWrite\Debug\link-rc.write.1.tlog
C:\Users\estiljr\Documents\Visual Studio 2012\Projects\C++Intro\ReadWrite\Debug\link.command.1.tlog
C:\Users\estiljr\Documents\Visual Studio 2012\Projects\C++Intro\ReadWrite\Debug\link.read.1.tlog
C:\Users\estiljr\Documents\Visual Studio 2012\Projects\C++Intro\ReadWrite\Debug\link.write.1.tlog
C:\Users\estiljr\Documents\Visual Studio 2012\Projects\C++Intro\ReadWrite\Debug\ReadWrite.pch
C:\Users\estiljr\Documents\Visual Studio 2012\Projects\C++Intro\ReadWrite\Debug\vc110.idb
C:\Users\estiljr\Documents\Visual Studio 2012\Projects\C++Intro\ReadWrite\Debug\vc110.pdb
C:\Users\estiljr\Documents\Visual Studio 2012\Projects\C++Intro\Debug\ReadWrite.pdb
C:\Users\estiljr\Documents\Visual Studio 2012\Projects\C++Intro\Debug\ReadWrite.exe
C:\Users\estiljr\Documents\Visual Studio 2012\Projects\C++Intro\Debug\ReadWrite.ilk
