C:\USERS\ESTILJR\DOCUMENTS\VISUAL STUDIO 2012\PROJECTS\C++INTRO\GRIDTOXYZ\DEBUG\GRIDTOXYZ.PCH
C:\USERS\ESTILJR\DOCUMENTS\VISUAL STUDIO 2012\PROJECTS\C++INTRO\GRIDTOXYZ\DEBUG\STDAFX.OBJ
C:\USERS\ESTILJR\DOCUMENTS\VISUAL STUDIO 2012\PROJECTS\C++INTRO\GRIDTOXYZ\DEBUG\VC110.PDB
C:\USERS\ESTILJR\DOCUMENTS\VISUAL STUDIO 2012\PROJECTS\C++INTRO\GRIDTOXYZ\DEBUG\GRIDTOXYZ.OBJ
C:\USERS\ESTILJR\DOCUMENTS\VISUAL STUDIO 2012\PROJECTS\C++INTRO\DEBUG\GRIDTOXYZ.ILK
C:\USERS\ESTILJR\DOCUMENTS\VISUAL STUDIO 2012\PROJECTS\C++INTRO\DEBUG\GRIDTOXYZ.EXE
C:\USERS\ESTILJR\DOCUMENTS\VISUAL STUDIO 2012\PROJECTS\C++INTRO\DEBUG\GRIDTOXYZ.PDB
C:\Users\estiljr\Documents\Visual Studio 2012\Projects\C++Intro\GridToXYZ\Debug\GridToXYZ.obj
C:\Users\estiljr\Documents\Visual Studio 2012\Projects\C++Intro\GridToXYZ\Debug\stdafx.obj
C:\Users\estiljr\Documents\Visual Studio 2012\Projects\C++Intro\GridToXYZ\Debug\cl.command.1.tlog
C:\Users\estiljr\Documents\Visual Studio 2012\Projects\C++Intro\GridToXYZ\Debug\CL.read.1.tlog
C:\Users\estiljr\Documents\Visual Studio 2012\Projects\C++Intro\GridToXYZ\Debug\CL.write.1.tlog
C:\Users\estiljr\Documents\Visual Studio 2012\Projects\C++Intro\GridToXYZ\Debug\link-cvtres.read.1.tlog
C:\Users\estiljr\Documents\Visual Studio 2012\Projects\C++Intro\GridToXYZ\Debug\link-cvtres.write.1.tlog
C:\Users\estiljr\Documents\Visual Studio 2012\Projects\C++Intro\GridToXYZ\Debug\link-rc.read.1.tlog
C:\Users\estiljr\Documents\Visual Studio 2012\Projects\C++Intro\GridToXYZ\Debug\link-rc.write.1.tlog
C:\Users\estiljr\Documents\Visual Studio 2012\Projects\C++Intro\GridToXYZ\Debug\link.command.1.tlog
C:\Users\estiljr\Documents\Visual Studio 2012\Projects\C++Intro\GridToXYZ\Debug\link.read.1.tlog
C:\Users\estiljr\Documents\Visual Studio 2012\Projects\C++Intro\GridToXYZ\Debug\link.write.1.tlog
C:\Users\estiljr\Documents\Visual Studio 2012\Projects\C++Intro\GridToXYZ\Debug\GridToXYZ.pch
C:\Users\estiljr\Documents\Visual Studio 2012\Projects\C++Intro\GridToXYZ\Debug\vc110.idb
C:\Users\estiljr\Documents\Visual Studio 2012\Projects\C++Intro\GridToXYZ\Debug\vc110.pdb
C:\Users\estiljr\Documents\Visual Studio 2012\Projects\C++Intro\Debug\GridToXYZ.pdb
C:\Users\estiljr\Documents\Visual Studio 2012\Projects\C++Intro\Debug\GridToXYZ.exe
C:\Users\estiljr\Documents\Visual Studio 2012\Projects\C++Intro\Debug\GridToXYZ.ilk
