C:\USERS\BEBOM\DOCUMENTS\VISUAL STUDIO 2012\PROJECTS\C++INTRO\C++INTRO\DEBUG\C++INTRO.PCH
C:\USERS\BEBOM\DOCUMENTS\VISUAL STUDIO 2012\PROJECTS\C++INTRO\C++INTRO\DEBUG\STDAFX.OBJ
C:\USERS\BEBOM\DOCUMENTS\VISUAL STUDIO 2012\PROJECTS\C++INTRO\C++INTRO\DEBUG\VC110.PDB
C:\USERS\BEBOM\DOCUMENTS\VISUAL STUDIO 2012\PROJECTS\C++INTRO\C++INTRO\DEBUG\C++INTRO.OBJ
C:\USERS\ESTILJR\DOCUMENTS\VISUAL STUDIO 2012\PROJECTS\C++INTRO\C++INTRO\DEBUG\VC110.PDB
C:\USERS\BEBOM\DOCUMENTS\VISUAL STUDIO 2012\PROJECTS\C++INTRO\DEBUG\C++INTRO.ILK
C:\USERS\BEBOM\DOCUMENTS\VISUAL STUDIO 2012\PROJECTS\C++INTRO\DEBUG\C++INTRO.EXE
C:\USERS\BEBOM\DOCUMENTS\VISUAL STUDIO 2012\PROJECTS\C++INTRO\DEBUG\C++INTRO.PDB
C:\Users\estiljr\Documents\Visual Studio 2012\Projects\C++Intro\C++Intro\Debug\C++Intro.obj
C:\Users\estiljr\Documents\Visual Studio 2012\Projects\C++Intro\C++Intro\Debug\stdafx.obj
C:\Users\estiljr\Documents\Visual Studio 2012\Projects\C++Intro\C++Intro\Debug\cl.command.1.tlog
C:\Users\estiljr\Documents\Visual Studio 2012\Projects\C++Intro\C++Intro\Debug\CL.read.1.tlog
C:\Users\estiljr\Documents\Visual Studio 2012\Projects\C++Intro\C++Intro\Debug\CL.write.1.tlog
C:\Users\estiljr\Documents\Visual Studio 2012\Projects\C++Intro\C++Intro\Debug\link-cvtres.read.1.tlog
C:\Users\estiljr\Documents\Visual Studio 2012\Projects\C++Intro\C++Intro\Debug\link-cvtres.write.1.tlog
C:\Users\estiljr\Documents\Visual Studio 2012\Projects\C++Intro\C++Intro\Debug\link-rc.read.1.tlog
C:\Users\estiljr\Documents\Visual Studio 2012\Projects\C++Intro\C++Intro\Debug\link-rc.write.1.tlog
C:\Users\estiljr\Documents\Visual Studio 2012\Projects\C++Intro\C++Intro\Debug\link.5356-cvtres.read.1.tlog
C:\Users\estiljr\Documents\Visual Studio 2012\Projects\C++Intro\C++Intro\Debug\link.5356-cvtres.write.1.tlog
C:\Users\estiljr\Documents\Visual Studio 2012\Projects\C++Intro\C++Intro\Debug\link.5356-rc.read.1.tlog
C:\Users\estiljr\Documents\Visual Studio 2012\Projects\C++Intro\C++Intro\Debug\link.5356-rc.write.1.tlog
C:\Users\estiljr\Documents\Visual Studio 2012\Projects\C++Intro\C++Intro\Debug\link.5356.read.1.tlog
C:\Users\estiljr\Documents\Visual Studio 2012\Projects\C++Intro\C++Intro\Debug\link.5356.write.1.tlog
C:\Users\estiljr\Documents\Visual Studio 2012\Projects\C++Intro\C++Intro\Debug\link.command.1.tlog
C:\Users\estiljr\Documents\Visual Studio 2012\Projects\C++Intro\C++Intro\Debug\link.read.1.tlog
C:\Users\estiljr\Documents\Visual Studio 2012\Projects\C++Intro\C++Intro\Debug\link.write.1.tlog
C:\Users\estiljr\Documents\Visual Studio 2012\Projects\C++Intro\C++Intro\Debug\vc110.idb
C:\Users\estiljr\Documents\Visual Studio 2012\Projects\C++Intro\C++Intro\Debug\vc110.pdb
C:\Users\estiljr\Documents\Visual Studio 2012\Projects\C++Intro\Debug\C++Intro.pdb
C:\Users\estiljr\Documents\Visual Studio 2012\Projects\C++Intro\Debug\C++Intro.exe
C:\Users\estiljr\Documents\Visual Studio 2012\Projects\C++Intro\Debug\C++Intro.ilk
